node:events:485
      throw er; // Unhandled 'error' event
      ^

Error: listen EADDRINUSE: address already in use :::3333
    at Server.setupListenHandle [as _listen2] (node:net:1937:16)
    at listenInCluster (node:net:1994:12)
    at Server.listen (node:net:2099:7)
    at Function.listen (/Users/cteichiqm/IQM/docs/api-server/node_modules/express/lib/application.js:635:24)
    at file:///Users/cteichiqm/IQM/docs/api-server/src/index.js:47:5
    at ModuleJob.run (node:internal/modules/esm/module_job:273:25)
    at async onImport.tracePromise.__proto__ (node:internal/modules/esm/loader:600:26)
    at async asyncRunEntryPointWithESMLoader (node:internal/modules/run_main:98:5)
Emitted 'error' event on Server instance at:
    at emitErrorNT (node:net:1973:8)
    at process.processTicksAndRejections (node:internal/process/task_queues:90:21) {
  code: 'EADDRINUSE',
  errno: -48,
  syscall: 'listen',
  address: '::',
  port: 3333
}

Node.js v23.9.0
